<?xml version="1.0" encoding="UTF-8"?>
<robot generator="Robot 3.2.2 (Python 3.8.5 on win32)" generated="20201001 11:40:01.430" rpa="false">
<suite id="s1" name="Php Travels Keywords" source="C:\Users\112552\PycharmProjects\RobotFramework\php_travels_keywords.robot">
<test id="s1-t1" name="tc_001">
<kw name="Convert Date" library="DateTime">
<doc>Converts between supported `date formats`.</doc>
<arguments>
<arg>10/1/2020</arg>
<arg>result_format=%b</arg>
<arg>date_format=%d/%m/%Y</arg>
</arguments>
<assign>
<var>${Year}</var>
</assign>
<msg timestamp="20201001 11:40:01.771" level="INFO">${Year} = Jan</msg>
<status status="PASS" starttime="20201001 11:40:01.767" endtime="20201001 11:40:01.771"></status>
</kw>
<kw name="Log To Console" library="BuiltIn">
<doc>Logs the given message to the console.</doc>
<arguments>
<arg>${Year}</arg>
</arguments>
<status status="PASS" starttime="20201001 11:40:01.772" endtime="20201001 11:40:01.772"></status>
</kw>
<status status="PASS" starttime="20201001 11:40:01.766" endtime="20201001 11:40:01.773" critical="yes"></status>
</test>
<status status="PASS" starttime="20201001 11:40:01.435" endtime="20201001 11:40:01.774"></status>
</suite>
<statistics>
<total>
<stat pass="1" fail="0">Critical Tests</stat>
<stat pass="1" fail="0">All Tests</stat>
</total>
<tag>
</tag>
<suite>
<stat pass="1" fail="0" id="s1" name="Php Travels Keywords">Php Travels Keywords</stat>
</suite>
</statistics>
<errors>
<msg timestamp="20201001 11:40:01.755" level="ERROR">Error in file 'C:\Users\112552\PycharmProjects\RobotFramework\Resources\php_travels_hotel_resources.robot' on line 8: Error in file 'C:\Users\112552\PycharmProjects\RobotFramework\php_travels_keywords.robot' on line 205: Resource file with 'Test Cases' section is invalid.</msg>
<msg timestamp="20201001 11:40:01.762" level="ERROR">Error in file 'C:\Users\112552\PycharmProjects\RobotFramework\php_travels_keywords.robot' on line 3: Initializing test library 'datetime' with no arguments failed: TypeError: function missing required argument 'year' (pos 1)
Traceback (most recent call last):
  None</msg>
</errors>
</robot>
