<?xml version="1.0" encoding="UTF-8"?>
<robot generator="Robot 3.2.2 (Python 3.8.5 on win32)" generated="20200928 11:01:43.199" rpa="false">
<suite id="s1" name="Php Travels Hotel Resources" source="C:\Users\112552\PycharmProjects\RobotFramework\Resources\php_travels_hotel_resources.robot">
<test id="s1-t1" name="Open Browser and Login">
<kw name="Log To Console" library="BuiltIn">
<doc>Logs the given message to the console.</doc>
<arguments>
<arg>${MyAccount}</arg>
</arguments>
<status status="PASS" starttime="20200928 11:01:43.459" endtime="20200928 11:01:43.460"></status>
</kw>
<kw name="Open Browser" library="SeleniumLibrary">
<doc>Opens a new browser instance to the optional ``url``.</doc>
<arguments>
<arg>${URL}</arg>
<arg>${Browser}</arg>
</arguments>
<msg timestamp="20200928 11:01:43.460" level="INFO">Opening browser 'Chrome' to base url 'https://www.phptravels.net/'.</msg>
<status status="PASS" starttime="20200928 11:01:43.460" endtime="20200928 11:01:51.124"></status>
</kw>
<status status="PASS" starttime="20200928 11:01:43.459" endtime="20200928 11:01:51.124" critical="yes"></status>
</test>
<status status="PASS" starttime="20200928 11:01:43.202" endtime="20200928 11:01:51.126"></status>
</suite>
<statistics>
<total>
<stat pass="1" fail="0">Critical Tests</stat>
<stat pass="1" fail="0">All Tests</stat>
</total>
<tag>
</tag>
<suite>
<stat pass="1" fail="0" id="s1" name="Php Travels Hotel Resources">Php Travels Hotel Resources</stat>
</suite>
</statistics>
<errors>
</errors>
</robot>
