<?xml version="1.0" encoding="UTF-8"?>
<robot generator="Robot 3.2.2 (Python 3.8.5 on win32)" generated="20201003 11:09:20.447" rpa="false">
<suite id="s1" name="SignUp" source="C:\RobotFramework\TestCases\Sign Up\SignUp.txt">
<test id="s1-t1" name="TC_001">
<kw name="Open Browser and Login" library="php_travels_keywords" type="setup">
<kw name="Open Browser" library="SeleniumLibrary">
<doc>Opens a new browser instance to the optional ``url``.</doc>
<arguments>
<arg>${URL}</arg>
<arg>${Browser}</arg>
</arguments>
<msg timestamp="20201003 11:09:20.721" level="INFO">Opening browser 'Chrome' to base url 'https://www.phptravels.net/'.</msg>
<status status="PASS" starttime="20201003 11:09:20.721" endtime="20201003 11:09:31.923"></status>
</kw>
<kw name="Maximize Browser Window" library="SeleniumLibrary">
<doc>Maximizes current browser window.</doc>
<status status="PASS" starttime="20201003 11:09:31.923" endtime="20201003 11:09:34.112"></status>
</kw>
<status status="PASS" starttime="20201003 11:09:20.721" endtime="20201003 11:09:34.112"></status>
</kw>
<kw name="Sign Up And Login" library="php_travels_keywords">
<kw name="Set Selenium Speed" library="SeleniumLibrary">
<doc>Sets the delay that is waited after each Selenium command.</doc>
<arguments>
<arg>5 seconds</arg>
</arguments>
<status status="PASS" starttime="20201003 11:09:34.114" endtime="20201003 11:09:34.114"></status>
</kw>
<kw name="Click Element" library="SeleniumLibrary">
<doc>Click the element identified by ``locator``.</doc>
<arguments>
<arg>${CSS_MyAccount}</arg>
</arguments>
<msg timestamp="20201003 11:09:34.115" level="INFO">Clicking element '//div[@class='dropdown dropdown-login dropdown-tab']/a'.</msg>
<status status="PASS" starttime="20201003 11:09:34.114" endtime="20201003 11:09:44.308"></status>
</kw>
<kw name="Wait Until Element Is Visible" library="SeleniumLibrary">
<doc>Waits until the element ``locator`` is visible.</doc>
<arguments>
<arg>${XPATH_SignUp}</arg>
</arguments>
<status status="PASS" starttime="20201003 11:09:44.308" endtime="20201003 11:09:54.381"></status>
</kw>
<kw name="Click Element" library="SeleniumLibrary">
<doc>Click the element identified by ``locator``.</doc>
<arguments>
<arg>${xpath_signup}</arg>
</arguments>
<msg timestamp="20201003 11:09:54.381" level="INFO">Clicking element '//a[text()='Sign Up']'.</msg>
<status status="PASS" starttime="20201003 11:09:54.381" endtime="20201003 11:10:06.851"></status>
</kw>
<kw name="Get Title" library="SeleniumLibrary">
<doc>Returns the title of the current page.</doc>
<assign>
<var>${Title}</var>
</assign>
<msg timestamp="20201003 11:10:11.873" level="INFO">${Title} = Register</msg>
<status status="PASS" starttime="20201003 11:10:06.851" endtime="20201003 11:10:11.873"></status>
</kw>
<kw name="Should Be Equal" library="BuiltIn">
<doc>Fails if the given objects are unequal.</doc>
<arguments>
<arg>${Title}</arg>
<arg>${SignUpTitle}</arg>
</arguments>
<status status="PASS" starttime="20201003 11:10:11.873" endtime="20201003 11:10:11.873"></status>
</kw>
<kw name="Input Text" library="SeleniumLibrary">
<doc>Types the given ``text`` into the text field identified by ``locator``.</doc>
<arguments>
<arg>${xpath_firstname}</arg>
<arg>${FirstName}</arg>
</arguments>
<msg timestamp="20201003 11:10:11.873" level="INFO">Typing text 'Shefali12' into text field '//input[@name='firstname']'.</msg>
<status status="PASS" starttime="20201003 11:10:11.873" endtime="20201003 11:10:27.045"></status>
</kw>
<kw name="Input Text" library="SeleniumLibrary">
<doc>Types the given ``text`` into the text field identified by ``locator``.</doc>
<arguments>
<arg>${xpath_lastname}</arg>
<arg>${LastName}</arg>
</arguments>
<msg timestamp="20201003 11:10:27.045" level="INFO">Typing text 'Shah12' into text field '//input[@name='lastname']'.</msg>
<status status="PASS" starttime="20201003 11:10:27.045" endtime="20201003 11:10:42.233"></status>
</kw>
<kw name="Input Text" library="SeleniumLibrary">
<doc>Types the given ``text`` into the text field identified by ``locator``.</doc>
<arguments>
<arg>${xpath_mobilenumber}</arg>
<arg>${MobileNumber}</arg>
</arguments>
<msg timestamp="20201003 11:10:42.233" level="INFO">Typing text '8865584842' into text field '//input[@name='phone']'.</msg>
<status status="PASS" starttime="20201003 11:10:42.233" endtime="20201003 11:10:57.432"></status>
</kw>
<kw name="Input Text" library="SeleniumLibrary">
<doc>Types the given ``text`` into the text field identified by ``locator``.</doc>
<arguments>
<arg>${xpath_emailaddress}</arg>
<arg>${EmailAddress}</arg>
</arguments>
<msg timestamp="20201003 11:10:57.432" level="INFO">Typing text 'shefali30192@gmail.com' into text field '//input[@name='email']'.</msg>
<status status="PASS" starttime="20201003 11:10:57.432" endtime="20201003 11:11:12.680"></status>
</kw>
<kw name="Input Text" library="SeleniumLibrary">
<doc>Types the given ``text`` into the text field identified by ``locator``.</doc>
<arguments>
<arg>${xpath_password}</arg>
<arg>${password}</arg>
</arguments>
<msg timestamp="20201003 11:11:12.680" level="INFO">Typing text 'Demo1010@' into text field '//input[@name='password']'.</msg>
<status status="PASS" starttime="20201003 11:11:12.680" endtime="20201003 11:11:27.876"></status>
</kw>
<kw name="Input Text" library="SeleniumLibrary">
<doc>Types the given ``text`` into the text field identified by ``locator``.</doc>
<arguments>
<arg>${xpath_confirmpassword}</arg>
<arg>${password}</arg>
</arguments>
<msg timestamp="20201003 11:11:27.876" level="INFO">Typing text 'Demo1010@' into text field '//input[@name='confirmpassword']'.</msg>
<status status="PASS" starttime="20201003 11:11:27.876" endtime="20201003 11:11:43.115"></status>
</kw>
<kw name="Execute Javascript" library="SeleniumLibrary">
<doc>Executes the given JavaScript code with possible arguments.</doc>
<arguments>
<arg>window.scrollTo(0,350)</arg>
</arguments>
<msg timestamp="20201003 11:11:43.117" level="INFO">Executing JavaScript:
window.scrollTo(0,350)
Without any arguments.</msg>
<status status="PASS" starttime="20201003 11:11:43.115" endtime="20201003 11:11:48.140"></status>
</kw>
<kw name="Click Button" library="SeleniumLibrary">
<doc>Clicks the button identified by ``locator``.</doc>
<arguments>
<arg>${XPATH_SignUpSubmitButton}</arg>
</arguments>
<msg timestamp="20201003 11:11:48.141" level="INFO">Clicking button '//div[@class='form-group']/button'.</msg>
<status status="PASS" starttime="20201003 11:11:48.141" endtime="20201003 11:12:13.317"></status>
</kw>
<kw name="Get Title" library="SeleniumLibrary">
<doc>Returns the title of the current page.</doc>
<assign>
<var>${MyAccountTitleActual}</var>
</assign>
<msg timestamp="20201003 11:12:18.354" level="INFO">${MyAccountTitleActual} = My Account</msg>
<status status="PASS" starttime="20201003 11:12:13.317" endtime="20201003 11:12:18.354"></status>
</kw>
<kw name="Should Be Equal" library="BuiltIn">
<doc>Fails if the given objects are unequal.</doc>
<arguments>
<arg>${MyAccountTitleActual}</arg>
<arg>${MyAccountTitle}</arg>
</arguments>
<status status="PASS" starttime="20201003 11:12:18.354" endtime="20201003 11:12:18.354"></status>
</kw>
<kw name="Get Text" library="SeleniumLibrary">
<doc>Returns the text value of the element identified by ``locator``.</doc>
<arguments>
<arg>${xpath_namemyaccount}</arg>
</arguments>
<assign>
<var>${NameMyAccountActual}</var>
</assign>
<msg timestamp="20201003 11:12:28.422" level="INFO">${NameMyAccountActual} = Hi, Shefali12 Shah12</msg>
<status status="PASS" starttime="20201003 11:12:18.354" endtime="20201003 11:12:28.422"></status>
</kw>
<kw name="Should Be Equal" library="BuiltIn">
<doc>Fails if the given objects are unequal.</doc>
<arguments>
<arg>Hi, ${FirstName} ${LastName}</arg>
<arg>${NameMyAccountActual}</arg>
</arguments>
<status status="PASS" starttime="20201003 11:12:28.422" endtime="20201003 11:12:28.422"></status>
</kw>
<kw name="Click Element" library="SeleniumLibrary">
<doc>Click the element identified by ``locator``.</doc>
<arguments>
<arg>${CSS_MyAccountLogged}</arg>
</arguments>
<msg timestamp="20201003 11:12:28.422" level="INFO">Clicking element '//div[@class='dropdown dropdown-login dropdown-tab']/a'.</msg>
<status status="PASS" starttime="20201003 11:12:28.422" endtime="20201003 11:12:38.529"></status>
</kw>
<kw name="Wait Until Element Is Visible" library="SeleniumLibrary">
<doc>Waits until the element ``locator`` is visible.</doc>
<arguments>
<arg>${XPATH_Logout}</arg>
</arguments>
<status status="PASS" starttime="20201003 11:12:38.529" endtime="20201003 11:12:48.588"></status>
</kw>
<kw name="Click Element" library="SeleniumLibrary">
<doc>Click the element identified by ``locator``.</doc>
<arguments>
<arg>${XPATH_Logout}</arg>
</arguments>
<msg timestamp="20201003 11:12:48.588" level="INFO">Clicking element '//a[text()='Logout']'.</msg>
<status status="PASS" starttime="20201003 11:12:48.588" endtime="20201003 11:13:01.984"></status>
</kw>
<kw name="Wait Until Element Is Visible" library="SeleniumLibrary">
<doc>Waits until the element ``locator`` is visible.</doc>
<arguments>
<arg>${XPATH_Login}</arg>
</arguments>
<status status="PASS" starttime="20201003 11:13:01.984" endtime="20201003 11:13:12.072"></status>
</kw>
<kw name="Input Text" library="SeleniumLibrary">
<doc>Types the given ``text`` into the text field identified by ``locator``.</doc>
<arguments>
<arg>${XPATH_Username}</arg>
<arg>${EmailAddress}</arg>
</arguments>
<msg timestamp="20201003 11:13:12.073" level="INFO">Typing text 'shefali30192@gmail.com' into text field '//input[@name='username']'.</msg>
<status status="PASS" starttime="20201003 11:13:12.072" endtime="20201003 11:13:27.279"></status>
</kw>
<kw name="Input Text" library="SeleniumLibrary">
<doc>Types the given ``text`` into the text field identified by ``locator``.</doc>
<arguments>
<arg>${XPATH_Password}</arg>
<arg>${Password}</arg>
</arguments>
<msg timestamp="20201003 11:13:27.280" level="INFO">Typing text 'Demo1010@' into text field '//input[@name='password']'.</msg>
<status status="PASS" starttime="20201003 11:13:27.280" endtime="20201003 11:13:42.469"></status>
</kw>
<kw name="Click Element" library="SeleniumLibrary">
<doc>Click the element identified by ``locator``.</doc>
<arguments>
<arg>${XPATH_Login}</arg>
</arguments>
<msg timestamp="20201003 11:13:42.470" level="INFO">Clicking element '//button[text()='Login']'.</msg>
<status status="PASS" starttime="20201003 11:13:42.469" endtime="20201003 11:13:52.600"></status>
</kw>
<status status="PASS" starttime="20201003 11:09:34.113" endtime="20201003 11:13:52.600"></status>
</kw>
<kw name="close Browser" library="php_travels_keywords" type="teardown">
<kw name="Close All Browsers" library="SeleniumLibrary">
<doc>Closes all open browsers and resets the browser cache.</doc>
<status status="PASS" starttime="20201003 11:13:52.607" endtime="20201003 11:13:59.708"></status>
</kw>
<kw name="Run Keyword If Test Failed" library="BuiltIn">
<doc>Runs the given keyword with the given arguments, if the test failed.</doc>
<arguments>
<arg>Log Screenshot</arg>
</arguments>
<status status="PASS" starttime="20201003 11:13:59.709" endtime="20201003 11:13:59.709"></status>
</kw>
<status status="PASS" starttime="20201003 11:13:52.603" endtime="20201003 11:13:59.709"></status>
</kw>
<status status="PASS" starttime="20201003 11:09:20.721" endtime="20201003 11:13:59.711" critical="yes"></status>
</test>
<status status="PASS" starttime="20201003 11:09:20.449" endtime="20201003 11:13:59.716"></status>
</suite>
<statistics>
<total>
<stat pass="1" fail="0">Critical Tests</stat>
<stat pass="1" fail="0">All Tests</stat>
</total>
<tag>
</tag>
<suite>
<stat pass="1" fail="0" id="s1" name="SignUp">SignUp</stat>
</suite>
</statistics>
<errors>
<msg timestamp="20201003 11:09:20.707" level="ERROR">Error in file 'C:\RobotFramework\php_travels_keywords.txt' on line 3: Initializing test library 'datetime' with no arguments failed: TypeError: function missing required argument 'year' (pos 1)
Traceback (most recent call last):
  None</msg>
</errors>
</robot>
